{"C:\\Users\\bhask\\Downloads\\MCA_Project_Final_Year\\backend\\src\\app.js": {"path":"C:\\Users\\bhask\\Downloads\\MCA_Project_Final_Year\\backend\\src\\app.js","statementMap":{"0":{"start":{"line":1,"column":16},"end":{"line":1,"column":34}},"1":{"start":{"line":2,"column":13},"end":{"line":2,"column":28}},"2":{"start":{"line":4,"column":19},"end":{"line":4,"column":50}},"3":{"start":{"line":6,"column":12},"end":{"line":6,"column":21}},"4":{"start":{"line":7,"column":0},"end":{"line":7,"column":16}},"5":{"start":{"line":8,"column":0},"end":{"line":8,"column":24}},"6":{"start":{"line":10,"column":0},"end":{"line":10,"column":33}},"7":{"start":{"line":12,"column":0},"end":{"line":12,"column":21}}},"fnMap":{},"branchMap":{},"s":{"0":1,"1":1,"2":1,"3":1,"4":1,"5":1,"6":1,"7":1},"f":{},"b":{},"_coverageSchema":"1a1c01bbd47fc00a2c39e90264f33305004495a9","hash":"1b497ed71b5a42661d60b29ceac15e40adc55724"}
,"C:\\Users\\bhask\\Downloads\\MCA_Project_Final_Year\\backend\\src\\config\\db.js": {"path":"C:\\Users\\bhask\\Downloads\\MCA_Project_Final_Year\\backend\\src\\config\\db.js","statementMap":{"0":{"start":{"line":1,"column":14},"end":{"line":1,"column":31}},"1":{"start":{"line":3,"column":11},"end":{"line":8,"column":2}},"2":{"start":{"line":10,"column":0},"end":{"line":10,"column":20}}},"fnMap":{},"branchMap":{},"s":{"0":3,"1":3,"2":3},"f":{},"b":{},"_coverageSchema":"1a1c01bbd47fc00a2c39e90264f33305004495a9","hash":"c7298349d3e1bc5f1b67961a976e7e97da3f7242"}
,"C:\\Users\\bhask\\Downloads\\MCA_Project_Final_Year\\backend\\src\\controllers\\auth.controller.js": {"path":"C:\\Users\\bhask\\Downloads\\MCA_Project_Final_Year\\backend\\src\\controllers\\auth.controller.js","statementMap":{"0":{"start":{"line":1,"column":13},"end":{"line":1,"column":36}},"1":{"start":{"line":2,"column":15},"end":{"line":2,"column":32}},"2":{"start":{"line":3,"column":12},"end":{"line":3,"column":35}},"3":{"start":{"line":4,"column":18},"end":{"line":4,"column":47}},"4":{"start":{"line":5,"column":15},"end":{"line":5,"column":37}},"5":{"start":{"line":7,"column":0},"end":{"line":50,"column":2}},"6":{"start":{"line":8,"column":57},"end":{"line":8,"column":65}},"7":{"start":{"line":10,"column":2},"end":{"line":12,"column":3}},"8":{"start":{"line":11,"column":4},"end":{"line":11,"column":72}},"9":{"start":{"line":15,"column":2},"end":{"line":49,"column":4}},"10":{"start":{"line":19,"column":6},"end":{"line":22,"column":7}},"11":{"start":{"line":20,"column":8},"end":{"line":20,"column":40}},"12":{"start":{"line":21,"column":8},"end":{"line":21,"column":67}},"13":{"start":{"line":25,"column":6},"end":{"line":27,"column":7}},"14":{"start":{"line":26,"column":8},"end":{"line":26,"column":73}},"15":{"start":{"line":30,"column":29},"end":{"line":30,"column":60}},"16":{"start":{"line":32,"column":6},"end":{"line":47,"column":8}},"17":{"start":{"line":37,"column":10},"end":{"line":40,"column":11}},"18":{"start":{"line":38,"column":12},"end":{"line":38,"column":48}},"19":{"start":{"line":39,"column":12},"end":{"line":39,"column":70}},"20":{"start":{"line":42,"column":10},"end":{"line":45,"column":13}},"21":{"start":{"line":52,"column":0},"end":{"line":88,"column":2}},"22":{"start":{"line":53,"column":30},"end":{"line":53,"column":38}},"23":{"start":{"line":55,"column":2},"end":{"line":87,"column":4}},"24":{"start":{"line":59,"column":6},"end":{"line":59,"column":68}},"25":{"start":{"line":59,"column":15},"end":{"line":59,"column":68}},"26":{"start":{"line":60,"column":6},"end":{"line":61,"column":72}},"27":{"start":{"line":61,"column":8},"end":{"line":61,"column":72}},"28":{"start":{"line":63,"column":19},"end":{"line":63,"column":29}},"29":{"start":{"line":64,"column":20},"end":{"line":64,"column":65}},"30":{"start":{"line":65,"column":6},"end":{"line":66,"column":72}},"31":{"start":{"line":66,"column":8},"end":{"line":66,"column":72}},"32":{"start":{"line":69,"column":20},"end":{"line":73,"column":7}},"33":{"start":{"line":75,"column":6},"end":{"line":85,"column":9}},"34":{"start":{"line":90,"column":0},"end":{"line":129,"column":2}},"35":{"start":{"line":91,"column":20},"end":{"line":91,"column":28}},"36":{"start":{"line":93,"column":2},"end":{"line":94,"column":66}},"37":{"start":{"line":94,"column":4},"end":{"line":94,"column":66}},"38":{"start":{"line":96,"column":2},"end":{"line":128,"column":4}},"39":{"start":{"line":100,"column":6},"end":{"line":100,"column":68}},"40":{"start":{"line":100,"column":15},"end":{"line":100,"column":68}},"41":{"start":{"line":103,"column":6},"end":{"line":108,"column":7}},"42":{"start":{"line":104,"column":8},"end":{"line":107,"column":11}},"43":{"start":{"line":110,"column":25},"end":{"line":110,"column":63}},"44":{"start":{"line":111,"column":21},"end":{"line":111,"column":48}},"45":{"start":{"line":113,"column":6},"end":{"line":126,"column":8}},"46":{"start":{"line":117,"column":28},"end":{"line":117,"column":81}},"47":{"start":{"line":119,"column":10},"end":{"line":119,"column":54}},"48":{"start":{"line":121,"column":10},"end":{"line":124,"column":13}},"49":{"start":{"line":131,"column":0},"end":{"line":176,"column":2}},"50":{"start":{"line":132,"column":30},"end":{"line":132,"column":38}},"51":{"start":{"line":134,"column":2},"end":{"line":135,"column":64}},"52":{"start":{"line":135,"column":4},"end":{"line":135,"column":64}},"53":{"start":{"line":137,"column":14},"end":{"line":137,"column":24}},"54":{"start":{"line":139,"column":2},"end":{"line":175,"column":4}},"55":{"start":{"line":143,"column":6},"end":{"line":146,"column":7}},"56":{"start":{"line":144,"column":8},"end":{"line":144,"column":55}},"57":{"start":{"line":145,"column":8},"end":{"line":145,"column":61}},"58":{"start":{"line":148,"column":6},"end":{"line":151,"column":57}},"59":{"start":{"line":149,"column":8},"end":{"line":151,"column":57}},"60":{"start":{"line":153,"column":29},"end":{"line":153,"column":60}},"61":{"start":{"line":155,"column":6},"end":{"line":173,"column":8}},"62":{"start":{"line":161,"column":10},"end":{"line":166,"column":11}},"63":{"start":{"line":162,"column":12},"end":{"line":162,"column":57}},"64":{"start":{"line":163,"column":12},"end":{"line":165,"column":59}},"65":{"start":{"line":168,"column":10},"end":{"line":171,"column":13}}},"fnMap":{"0":{"name":"(anonymous_0)","decl":{"start":{"line":7,"column":17},"end":{"line":7,"column":18}},"loc":{"start":{"line":7,"column":31},"end":{"line":50,"column":1}},"line":7},"1":{"name":"(anonymous_1)","decl":{"start":{"line":18,"column":4},"end":{"line":18,"column":5}},"loc":{"start":{"line":18,"column":28},"end":{"line":48,"column":5}},"line":18},"2":{"name":"(anonymous_2)","decl":{"start":{"line":36,"column":8},"end":{"line":36,"column":9}},"loc":{"start":{"line":36,"column":17},"end":{"line":46,"column":9}},"line":36},"3":{"name":"(anonymous_3)","decl":{"start":{"line":52,"column":16},"end":{"line":52,"column":17}},"loc":{"start":{"line":52,"column":30},"end":{"line":88,"column":1}},"line":52},"4":{"name":"(anonymous_4)","decl":{"start":{"line":58,"column":4},"end":{"line":58,"column":5}},"loc":{"start":{"line":58,"column":28},"end":{"line":86,"column":5}},"line":58},"5":{"name":"(anonymous_5)","decl":{"start":{"line":90,"column":25},"end":{"line":90,"column":26}},"loc":{"start":{"line":90,"column":39},"end":{"line":129,"column":1}},"line":90},"6":{"name":"(anonymous_6)","decl":{"start":{"line":99,"column":4},"end":{"line":99,"column":5}},"loc":{"start":{"line":99,"column":22},"end":{"line":127,"column":5}},"line":99},"7":{"name":"(anonymous_7)","decl":{"start":{"line":116,"column":8},"end":{"line":116,"column":9}},"loc":{"start":{"line":116,"column":14},"end":{"line":125,"column":9}},"line":116},"8":{"name":"(anonymous_8)","decl":{"start":{"line":131,"column":24},"end":{"line":131,"column":25}},"loc":{"start":{"line":131,"column":44},"end":{"line":176,"column":1}},"line":131},"9":{"name":"(anonymous_9)","decl":{"start":{"line":142,"column":4},"end":{"line":142,"column":5}},"loc":{"start":{"line":142,"column":28},"end":{"line":174,"column":5}},"line":142},"10":{"name":"(anonymous_10)","decl":{"start":{"line":160,"column":8},"end":{"line":160,"column":9}},"loc":{"start":{"line":160,"column":17},"end":{"line":172,"column":9}},"line":160}},"branchMap":{"0":{"loc":{"start":{"line":10,"column":2},"end":{"line":12,"column":3}},"type":"if","locations":[{"start":{"line":10,"column":2},"end":{"line":12,"column":3}},{"start":{},"end":{}}],"line":10},"1":{"loc":{"start":{"line":10,"column":6},"end":{"line":10,"column":61}},"type":"binary-expr","locations":[{"start":{"line":10,"column":6},"end":{"line":10,"column":16}},{"start":{"line":10,"column":20},"end":{"line":10,"column":29}},{"start":{"line":10,"column":33},"end":{"line":10,"column":39}},{"start":{"line":10,"column":43},"end":{"line":10,"column":52}},{"start":{"line":10,"column":56},"end":{"line":10,"column":61}}],"line":10},"2":{"loc":{"start":{"line":19,"column":6},"end":{"line":22,"column":7}},"type":"if","locations":[{"start":{"line":19,"column":6},"end":{"line":22,"column":7}},{"start":{},"end":{}}],"line":19},"3":{"loc":{"start":{"line":25,"column":6},"end":{"line":27,"column":7}},"type":"if","locations":[{"start":{"line":25,"column":6},"end":{"line":27,"column":7}},{"start":{},"end":{}}],"line":25},"4":{"loc":{"start":{"line":37,"column":10},"end":{"line":40,"column":11}},"type":"if","locations":[{"start":{"line":37,"column":10},"end":{"line":40,"column":11}},{"start":{},"end":{}}],"line":37},"5":{"loc":{"start":{"line":59,"column":6},"end":{"line":59,"column":68}},"type":"if","locations":[{"start":{"line":59,"column":6},"end":{"line":59,"column":68}},{"start":{},"end":{}}],"line":59},"6":{"loc":{"start":{"line":60,"column":6},"end":{"line":61,"column":72}},"type":"if","locations":[{"start":{"line":60,"column":6},"end":{"line":61,"column":72}},{"start":{},"end":{}}],"line":60},"7":{"loc":{"start":{"line":65,"column":6},"end":{"line":66,"column":72}},"type":"if","locations":[{"start":{"line":65,"column":6},"end":{"line":66,"column":72}},{"start":{},"end":{}}],"line":65},"8":{"loc":{"start":{"line":93,"column":2},"end":{"line":94,"column":66}},"type":"if","locations":[{"start":{"line":93,"column":2},"end":{"line":94,"column":66}},{"start":{},"end":{}}],"line":93},"9":{"loc":{"start":{"line":100,"column":6},"end":{"line":100,"column":68}},"type":"if","locations":[{"start":{"line":100,"column":6},"end":{"line":100,"column":68}},{"start":{},"end":{}}],"line":100},"10":{"loc":{"start":{"line":103,"column":6},"end":{"line":108,"column":7}},"type":"if","locations":[{"start":{"line":103,"column":6},"end":{"line":108,"column":7}},{"start":{},"end":{}}],"line":103},"11":{"loc":{"start":{"line":134,"column":2},"end":{"line":135,"column":64}},"type":"if","locations":[{"start":{"line":134,"column":2},"end":{"line":135,"column":64}},{"start":{},"end":{}}],"line":134},"12":{"loc":{"start":{"line":134,"column":6},"end":{"line":134,"column":25}},"type":"binary-expr","locations":[{"start":{"line":134,"column":6},"end":{"line":134,"column":12}},{"start":{"line":134,"column":16},"end":{"line":134,"column":25}}],"line":134},"13":{"loc":{"start":{"line":143,"column":6},"end":{"line":146,"column":7}},"type":"if","locations":[{"start":{"line":143,"column":6},"end":{"line":146,"column":7}},{"start":{},"end":{}}],"line":143},"14":{"loc":{"start":{"line":148,"column":6},"end":{"line":151,"column":57}},"type":"if","locations":[{"start":{"line":148,"column":6},"end":{"line":151,"column":57}},{"start":{},"end":{}}],"line":148},"15":{"loc":{"start":{"line":161,"column":10},"end":{"line":166,"column":11}},"type":"if","locations":[{"start":{"line":161,"column":10},"end":{"line":166,"column":11}},{"start":{},"end":{}}],"line":161}},"s":{"0":2,"1":2,"2":2,"3":2,"4":2,"5":2,"6":5,"7":5,"8":1,"9":4,"10":4,"11":1,"12":1,"13":3,"14":1,"15":2,"16":2,"17":2,"18":1,"19":1,"20":1,"21":2,"22":4,"23":4,"24":4,"25":1,"26":3,"27":1,"28":2,"29":2,"30":2,"31":1,"32":1,"33":1,"34":2,"35":3,"36":3,"37":1,"38":2,"39":2,"40":0,"41":2,"42":1,"43":1,"44":1,"45":1,"46":1,"47":1,"48":1,"49":2,"50":5,"51":5,"52":1,"53":4,"54":4,"55":4,"56":1,"57":1,"58":3,"59":1,"60":2,"61":2,"62":2,"63":1,"64":1,"65":1},"f":{"0":5,"1":4,"2":2,"3":4,"4":4,"5":3,"6":2,"7":1,"8":5,"9":4,"10":2},"b":{"0":[1,4],"1":[5,4,4,4,4],"2":[1,3],"3":[1,2],"4":[1,1],"5":[1,3],"6":[1,2],"7":[1,1],"8":[1,2],"9":[0,2],"10":[1,1],"11":[1,4],"12":[5,4],"13":[1,3],"14":[1,2],"15":[1,1]},"_coverageSchema":"1a1c01bbd47fc00a2c39e90264f33305004495a9","hash":"c5a2c95e2b53d5d91731c72c3038fbb02118f0a8"}
,"C:\\Users\\bhask\\Downloads\\MCA_Project_Final_Year\\backend\\src\\middleware\\auth.middleware.js": {"path":"C:\\Users\\bhask\\Downloads\\MCA_Project_Final_Year\\backend\\src\\middleware\\auth.middleware.js","statementMap":{"0":{"start":{"line":1,"column":12},"end":{"line":1,"column":35}},"1":{"start":{"line":3,"column":0},"end":{"line":19,"column":2}},"2":{"start":{"line":4,"column":21},"end":{"line":4,"column":46}},"3":{"start":{"line":6,"column":2},"end":{"line":8,"column":3}},"4":{"start":{"line":7,"column":4},"end":{"line":7,"column":61}},"5":{"start":{"line":10,"column":16},"end":{"line":10,"column":40}},"6":{"start":{"line":12,"column":2},"end":{"line":18,"column":3}},"7":{"start":{"line":13,"column":20},"end":{"line":13,"column":61}},"8":{"start":{"line":14,"column":4},"end":{"line":14,"column":23}},"9":{"start":{"line":15,"column":4},"end":{"line":15,"column":11}},"10":{"start":{"line":17,"column":4},"end":{"line":17,"column":73}}},"fnMap":{"0":{"name":"(anonymous_0)","decl":{"start":{"line":3,"column":17},"end":{"line":3,"column":18}},"loc":{"start":{"line":3,"column":37},"end":{"line":19,"column":1}},"line":3}},"branchMap":{"0":{"loc":{"start":{"line":6,"column":2},"end":{"line":8,"column":3}},"type":"if","locations":[{"start":{"line":6,"column":2},"end":{"line":8,"column":3}},{"start":{},"end":{}}],"line":6},"1":{"loc":{"start":{"line":6,"column":6},"end":{"line":6,"column":54}},"type":"binary-expr","locations":[{"start":{"line":6,"column":6},"end":{"line":6,"column":17}},{"start":{"line":6,"column":21},"end":{"line":6,"column":54}}],"line":6}},"s":{"0":1,"1":1,"2":4,"3":4,"4":2,"5":2,"6":2,"7":2,"8":1,"9":1,"10":1},"f":{"0":4},"b":{"0":[2,2],"1":[4,3]},"_coverageSchema":"1a1c01bbd47fc00a2c39e90264f33305004495a9","hash":"6548f00d1e95dbb02b3a2d642ed4ab1be267f6c6"}
,"C:\\Users\\bhask\\Downloads\\MCA_Project_Final_Year\\backend\\src\\models\\user.model.js": {"path":"C:\\Users\\bhask\\Downloads\\MCA_Project_Final_Year\\backend\\src\\models\\user.model.js","statementMap":{"0":{"start":{"line":1,"column":11},"end":{"line":1,"column":34}},"1":{"start":{"line":3,"column":0},"end":{"line":5,"column":2}},"2":{"start":{"line":4,"column":2},"end":{"line":4,"column":63}},"3":{"start":{"line":7,"column":0},"end":{"line":9,"column":2}},"4":{"start":{"line":8,"column":2},"end":{"line":8,"column":48}}},"fnMap":{"0":{"name":"(anonymous_0)","decl":{"start":{"line":3,"column":22},"end":{"line":3,"column":23}},"loc":{"start":{"line":3,"column":37},"end":{"line":5,"column":1}},"line":3},"1":{"name":"(anonymous_1)","decl":{"start":{"line":7,"column":17},"end":{"line":7,"column":18}},"loc":{"start":{"line":7,"column":31},"end":{"line":9,"column":1}},"line":7}},"branchMap":{},"s":{"0":1,"1":1,"2":2,"3":1,"4":2},"f":{"0":2,"1":2},"b":{},"_coverageSchema":"1a1c01bbd47fc00a2c39e90264f33305004495a9","hash":"65a03515295c577716b37b398812241709d799ad"}
,"C:\\Users\\bhask\\Downloads\\MCA_Project_Final_Year\\backend\\src\\routes\\auth.routes.js": {"path":"C:\\Users\\bhask\\Downloads\\MCA_Project_Final_Year\\backend\\src\\routes\\auth.routes.js","statementMap":{"0":{"start":{"line":1,"column":15},"end":{"line":1,"column":42}},"1":{"start":{"line":2,"column":57},"end":{"line":2,"column":98}},"2":{"start":{"line":4,"column":0},"end":{"line":4,"column":31}},"3":{"start":{"line":5,"column":0},"end":{"line":5,"column":29}},"4":{"start":{"line":6,"column":0},"end":{"line":6,"column":48}},"5":{"start":{"line":7,"column":0},"end":{"line":7,"column":46}},"6":{"start":{"line":10,"column":0},"end":{"line":10,"column":24}}},"fnMap":{},"branchMap":{},"s":{"0":1,"1":1,"2":1,"3":1,"4":1,"5":1,"6":1},"f":{},"b":{},"_coverageSchema":"1a1c01bbd47fc00a2c39e90264f33305004495a9","hash":"93ea5d078f3e99673569ff237acd0829f6d1ceff"}
,"C:\\Users\\bhask\\Downloads\\MCA_Project_Final_Year\\backend\\src\\routes\\dashboard.routes.js": {"path":"C:\\Users\\bhask\\Downloads\\MCA_Project_Final_Year\\backend\\src\\routes\\dashboard.routes.js","statementMap":{"0":{"start":{"line":1,"column":16},"end":{"line":1,"column":34}},"1":{"start":{"line":2,"column":15},"end":{"line":2,"column":31}},"2":{"start":{"line":3,"column":13},"end":{"line":3,"column":53}},"3":{"start":{"line":4,"column":13},"end":{"line":4,"column":36}},"4":{"start":{"line":6,"column":0},"end":{"line":28,"column":3}},"5":{"start":{"line":7,"column":2},"end":{"line":27,"column":4}},"6":{"start":{"line":11,"column":6},"end":{"line":11,"column":68}},"7":{"start":{"line":11,"column":15},"end":{"line":11,"column":68}},"8":{"start":{"line":12,"column":6},"end":{"line":13,"column":67}},"9":{"start":{"line":13,"column":8},"end":{"line":13,"column":67}},"10":{"start":{"line":15,"column":19},"end":{"line":15,"column":29}},"11":{"start":{"line":17,"column":6},"end":{"line":25,"column":9}},"12":{"start":{"line":30,"column":0},"end":{"line":30,"column":24}}},"fnMap":{"0":{"name":"(anonymous_0)","decl":{"start":{"line":6,"column":22},"end":{"line":6,"column":23}},"loc":{"start":{"line":6,"column":36},"end":{"line":28,"column":1}},"line":6},"1":{"name":"(anonymous_1)","decl":{"start":{"line":10,"column":4},"end":{"line":10,"column":5}},"loc":{"start":{"line":10,"column":22},"end":{"line":26,"column":5}},"line":10}},"branchMap":{"0":{"loc":{"start":{"line":11,"column":6},"end":{"line":11,"column":68}},"type":"if","locations":[{"start":{"line":11,"column":6},"end":{"line":11,"column":68}},{"start":{},"end":{}}],"line":11},"1":{"loc":{"start":{"line":12,"column":6},"end":{"line":13,"column":67}},"type":"if","locations":[{"start":{"line":12,"column":6},"end":{"line":13,"column":67}},{"start":{},"end":{}}],"line":12}},"s":{"0":1,"1":1,"2":1,"3":1,"4":1,"5":3,"6":3,"7":1,"8":2,"9":1,"10":1,"11":1,"12":1},"f":{"0":3,"1":3},"b":{"0":[1,2],"1":[1,1]},"_coverageSchema":"1a1c01bbd47fc00a2c39e90264f33305004495a9","hash":"5ac646f284f8822bbef2467ac5b1fd76a60305d9"}
,"C:\\Users\\bhask\\Downloads\\MCA_Project_Final_Year\\backend\\src\\utils\\jwt.js": {"path":"C:\\Users\\bhask\\Downloads\\MCA_Project_Final_Year\\backend\\src\\utils\\jwt.js","statementMap":{"0":{"start":{"line":1,"column":12},"end":{"line":1,"column":35}},"1":{"start":{"line":3,"column":0},"end":{"line":9,"column":2}},"2":{"start":{"line":4,"column":2},"end":{"line":8,"column":4}},"3":{"start":{"line":10,"column":0},"end":{"line":12,"column":2}},"4":{"start":{"line":11,"column":2},"end":{"line":11,"column":51}}},"fnMap":{"0":{"name":"(anonymous_0)","decl":{"start":{"line":3,"column":24},"end":{"line":3,"column":25}},"loc":{"start":{"line":3,"column":34},"end":{"line":9,"column":1}},"line":3},"1":{"name":"(anonymous_1)","decl":{"start":{"line":10,"column":22},"end":{"line":10,"column":23}},"loc":{"start":{"line":10,"column":33},"end":{"line":12,"column":1}},"line":10}},"branchMap":{},"s":{"0":1,"1":1,"2":1,"3":1,"4":1},"f":{"0":1,"1":1},"b":{},"_coverageSchema":"1a1c01bbd47fc00a2c39e90264f33305004495a9","hash":"63a6444ddb2745231ca6be71a0a8276384cde056"}
,"C:\\Users\\bhask\\Downloads\\MCA_Project_Final_Year\\backend\\src\\utils\\sendEmail.js": {"path":"C:\\Users\\bhask\\Downloads\\MCA_Project_Final_Year\\backend\\src\\utils\\sendEmail.js","statementMap":{"0":{"start":{"line":1,"column":19},"end":{"line":1,"column":40}},"1":{"start":{"line":3,"column":18},"end":{"line":20,"column":1}},"2":{"start":{"line":4,"column":22},"end":{"line":12,"column":4}},"3":{"start":{"line":14,"column":2},"end":{"line":19,"column":5}},"4":{"start":{"line":22,"column":0},"end":{"line":22,"column":27}}},"fnMap":{"0":{"name":"(anonymous_0)","decl":{"start":{"line":3,"column":18},"end":{"line":3,"column":19}},"loc":{"start":{"line":3,"column":51},"end":{"line":20,"column":1}},"line":3}},"branchMap":{},"s":{"0":2,"1":2,"2":2,"3":2,"4":2},"f":{"0":2},"b":{},"_coverageSchema":"1a1c01bbd47fc00a2c39e90264f33305004495a9","hash":"23b82b8642b28e954502e0dfe941f1f442ddfcb0"}
}
