TN:
SF:src\app.js
FNF:0
FNH:0
DA:1,1
DA:2,1
DA:4,1
DA:6,1
DA:7,1
DA:8,1
DA:10,1
DA:12,1
LF:8
LH:8
BRF:0
BRH:0
end_of_record
TN:
SF:src\config\db.js
FNF:0
FNH:0
DA:1,3
DA:3,3
DA:10,3
LF:3
LH:3
BRF:0
BRH:0
end_of_record
TN:
SF:src\controllers\auth.controller.js
FN:7,(anonymous_0)
FN:18,(anonymous_1)
FN:36,(anonymous_2)
FN:52,(anonymous_3)
FN:58,(anonymous_4)
FN:90,(anonymous_5)
FN:99,(anonymous_6)
FN:116,(anonymous_7)
FN:131,(anonymous_8)
FN:142,(anonymous_9)
FN:160,(anonymous_10)
FNF:11
FNH:11
FNDA:5,(anonymous_0)
FNDA:4,(anonymous_1)
FNDA:2,(anonymous_2)
FNDA:4,(anonymous_3)
FNDA:4,(anonymous_4)
FNDA:4,(anonymous_5)
FNDA:3,(anonymous_6)
FNDA:1,(anonymous_7)
FNDA:5,(anonymous_8)
FNDA:4,(anonymous_9)
FNDA:2,(anonymous_10)
DA:1,2
DA:2,2
DA:3,2
DA:4,2
DA:5,2
DA:7,2
DA:8,5
DA:10,5
DA:11,1
DA:15,4
DA:19,4
DA:20,1
DA:21,1
DA:25,3
DA:26,1
DA:30,2
DA:32,2
DA:37,2
DA:38,1
DA:39,1
DA:42,1
DA:52,2
DA:53,4
DA:55,4
DA:59,4
DA:60,3
DA:61,1
DA:63,2
DA:64,2
DA:65,2
DA:66,1
DA:69,1
DA:75,1
DA:90,2
DA:91,4
DA:93,4
DA:94,1
DA:96,3
DA:100,3
DA:103,2
DA:104,1
DA:110,1
DA:111,1
DA:113,1
DA:117,1
DA:119,1
DA:121,1
DA:131,2
DA:132,5
DA:134,5
DA:135,1
DA:137,4
DA:139,4
DA:143,4
DA:144,1
DA:145,1
DA:148,3
DA:149,1
DA:153,2
DA:155,2
DA:161,2
DA:162,1
DA:163,1
DA:168,1
LF:64
LH:64
BRDA:10,0,0,1
BRDA:10,0,1,4
BRDA:10,1,0,5
BRDA:10,1,1,4
BRDA:10,1,2,4
BRDA:10,1,3,4
BRDA:10,1,4,4
BRDA:19,2,0,1
BRDA:19,2,1,3
BRDA:25,3,0,1
BRDA:25,3,1,2
BRDA:37,4,0,1
BRDA:37,4,1,1
BRDA:59,5,0,1
BRDA:59,5,1,3
BRDA:60,6,0,1
BRDA:60,6,1,2
BRDA:65,7,0,1
BRDA:65,7,1,1
BRDA:93,8,0,1
BRDA:93,8,1,3
BRDA:100,9,0,1
BRDA:100,9,1,2
BRDA:103,10,0,1
BRDA:103,10,1,1
BRDA:134,11,0,1
BRDA:134,11,1,4
BRDA:134,12,0,5
BRDA:134,12,1,4
BRDA:143,13,0,1
BRDA:143,13,1,3
BRDA:148,14,0,1
BRDA:148,14,1,2
BRDA:161,15,0,1
BRDA:161,15,1,1
BRF:35
BRH:35
end_of_record
TN:
SF:src\controllers\course.controller.js
FN:3,(anonymous_0)
FN:4,(anonymous_1)
FN:10,(anonymous_2)
FN:11,(anonymous_3)
FN:18,(anonymous_4)
FN:22,(anonymous_5)
FN:29,(anonymous_6)
FN:33,(anonymous_7)
FN:39,(anonymous_8)
FN:43,(anonymous_9)
FN:49,(anonymous_10)
FN:50,(anonymous_11)
FN:56,(anonymous_12)
FN:67,(anonymous_13)
FNF:14
FNH:14
FNDA:2,(anonymous_0)
FNDA:2,(anonymous_1)
FNDA:3,(anonymous_2)
FNDA:3,(anonymous_3)
FNDA:4,(anonymous_4)
FNDA:3,(anonymous_5)
FNDA:3,(anonymous_6)
FNDA:2,(anonymous_7)
FNDA:3,(anonymous_8)
FNDA:2,(anonymous_9)
FNDA:2,(anonymous_10)
FNDA:2,(anonymous_11)
FNDA:4,(anonymous_12)
FNDA:2,(anonymous_13)
DA:1,1
DA:3,1
DA:4,2
DA:5,2
DA:6,1
DA:10,1
DA:11,3
DA:12,3
DA:13,2
DA:14,1
DA:18,1
DA:19,4
DA:20,1
DA:22,3
DA:23,3
DA:24,2
DA:29,1
DA:30,3
DA:31,1
DA:33,2
DA:34,2
DA:35,1
DA:39,1
DA:40,3
DA:41,1
DA:43,2
DA:44,2
DA:45,1
DA:49,1
DA:50,2
DA:51,2
DA:52,1
DA:56,1
DA:57,4
DA:58,1
DA:61,3
DA:63,3
DA:64,1
DA:67,2
DA:68,2
DA:69,1
DA:70,1
DA:73,1
LF:43
LH:43
BRDA:5,0,0,1
BRDA:5,0,1,1
BRDA:12,1,0,1
BRDA:12,1,1,2
BRDA:13,2,0,1
BRDA:13,2,1,1
BRDA:19,3,0,1
BRDA:19,3,1,3
BRDA:22,4,0,3
BRDA:22,4,1,1
BRDA:23,5,0,1
BRDA:23,5,1,2
BRDA:30,6,0,1
BRDA:30,6,1,2
BRDA:34,7,0,1
BRDA:34,7,1,1
BRDA:40,8,0,1
BRDA:40,8,1,2
BRDA:44,9,0,1
BRDA:44,9,1,1
BRDA:51,10,0,1
BRDA:51,10,1,1
BRDA:57,11,0,1
BRDA:57,11,1,3
BRDA:61,12,0,3
BRDA:61,12,1,1
BRDA:63,13,0,1
BRDA:63,13,1,2
BRDA:68,14,0,1
BRDA:68,14,1,1
BRF:30
BRH:30
end_of_record
TN:
SF:src\middleware\admin.middleware.js
FN:1,(anonymous_0)
FNF:1
FNH:1
FNDA:3,(anonymous_0)
DA:1,1
DA:2,3
DA:3,2
DA:5,1
LF:4
LH:4
BRDA:2,0,0,2
BRDA:2,0,1,1
BRDA:2,1,0,3
BRDA:2,1,1,2
BRF:4
BRH:4
end_of_record
TN:
SF:src\middleware\auth.middleware.js
FN:3,(anonymous_0)
FNF:1
FNH:1
FNDA:4,(anonymous_0)
DA:1,1
DA:3,1
DA:4,4
DA:6,4
DA:7,2
DA:10,2
DA:12,2
DA:13,2
DA:14,1
DA:15,1
DA:17,1
LF:11
LH:11
BRDA:6,0,0,2
BRDA:6,0,1,2
BRDA:6,1,0,4
BRDA:6,1,1,3
BRF:4
BRH:4
end_of_record
TN:
SF:src\middleware\role.middleware.js
FN:1,(anonymous_0)
FN:2,(anonymous_1)
FNF:2
FNH:2
FNDA:5,(anonymous_0)
FNDA:5,(anonymous_1)
DA:1,1
DA:2,5
DA:3,5
DA:4,4
DA:6,1
LF:5
LH:5
BRDA:1,0,0,1
BRDA:3,1,0,4
BRDA:3,1,1,1
BRDA:3,2,0,5
BRDA:3,2,1,4
BRF:5
BRH:5
end_of_record
TN:
SF:src\models\course.model.js
FN:4,(anonymous_0)
FN:8,(anonymous_1)
FN:12,(anonymous_2)
FN:37,(anonymous_3)
FN:41,(anonymous_4)
FN:45,(anonymous_5)
FN:53,(anonymous_6)
FNF:7
FNH:7
FNDA:1,(anonymous_0)
FNDA:1,(anonymous_1)
FNDA:1,(anonymous_2)
FNDA:1,(anonymous_3)
FNDA:1,(anonymous_4)
FNDA:1,(anonymous_5)
FNDA:1,(anonymous_6)
DA:1,1
DA:2,1
DA:4,1
DA:5,1
DA:8,1
DA:9,1
DA:12,1
DA:15,1
DA:17,1
DA:23,1
DA:37,1
DA:38,1
DA:41,1
DA:42,1
DA:45,1
DA:46,1
DA:53,1
DA:54,1
LF:18
LH:18
BRF:0
BRH:0
end_of_record
TN:
SF:src\models\user.model.js
FN:3,(anonymous_0)
FN:7,(anonymous_1)
FNF:2
FNH:2
FNDA:2,(anonymous_0)
FNDA:2,(anonymous_1)
DA:1,1
DA:3,1
DA:4,2
DA:7,1
DA:8,2
LF:5
LH:5
BRF:0
BRH:0
end_of_record
TN:
SF:src\routes\auth.routes.js
FNF:0
FNH:0
DA:1,1
DA:2,1
DA:4,1
DA:5,1
DA:6,1
DA:7,1
DA:10,1
LF:7
LH:7
BRF:0
BRH:0
end_of_record
TN:
SF:src\routes\course.routes.js
FNF:0
FNH:0
DA:1,1
DA:2,1
DA:3,1
DA:4,1
DA:9,1
DA:12,1
DA:15,1
DA:20,1
DA:23,1
DA:24,1
DA:26,1
DA:30,1
LF:12
LH:12
BRF:0
BRH:0
end_of_record
TN:
SF:src\routes\dashboard.routes.js
FN:6,(anonymous_0)
FN:10,(anonymous_1)
FNF:2
FNH:2
FNDA:3,(anonymous_0)
FNDA:3,(anonymous_1)
DA:1,1
DA:2,1
DA:3,1
DA:4,1
DA:6,1
DA:7,3
DA:11,3
DA:12,2
DA:13,1
DA:15,1
DA:17,1
DA:30,1
LF:12
LH:12
BRDA:11,0,0,1
BRDA:11,0,1,2
BRDA:12,1,0,1
BRDA:12,1,1,1
BRF:4
BRH:4
end_of_record
TN:
SF:src\routes\enrollment.routes.js
FN:9,(anonymous_0)
FN:16,(anonymous_1)
FNF:2
FNH:2
FNDA:3,(anonymous_0)
FNDA:2,(anonymous_1)
DA:1,1
DA:2,1
DA:3,1
DA:4,1
DA:9,1
DA:10,3
DA:11,3
DA:16,2
DA:17,2
DA:20,1
DA:21,1
DA:25,1
LF:12
LH:12
BRF:0
BRH:0
end_of_record
TN:
SF:src\utils\jwt.js
FN:3,(anonymous_0)
FN:10,(anonymous_1)
FNF:2
FNH:2
FNDA:1,(anonymous_0)
FNDA:1,(anonymous_1)
DA:1,1
DA:3,1
DA:4,1
DA:10,1
DA:11,1
LF:5
LH:5
BRF:0
BRH:0
end_of_record
TN:
SF:src\utils\sendEmail.js
FN:3,(anonymous_0)
FNF:1
FNH:1
FNDA:2,(anonymous_0)
DA:1,2
DA:3,2
DA:4,2
DA:14,2
DA:22,2
LF:5
LH:5
BRF:0
BRH:0
end_of_record
