TN:
SF:src\app.js
FNF:0
FNH:0
DA:1,0
DA:2,0
DA:4,0
DA:6,0
DA:7,0
DA:8,0
DA:10,0
DA:12,0
LF:8
LH:0
BRF:0
BRH:0
end_of_record
TN:
SF:src\config\db.js
FNF:0
FNH:0
DA:1,0
DA:3,0
DA:10,0
LF:3
LH:0
BRF:0
BRH:0
end_of_record
TN:
SF:src\controllers\auth.controller.js
FN:7,(anonymous_0)
FN:18,(anonymous_1)
FN:36,(anonymous_2)
FN:52,(anonymous_3)
FN:58,(anonymous_4)
FN:90,(anonymous_5)
FN:99,(anonymous_6)
FN:116,(anonymous_7)
FN:131,(anonymous_8)
FN:142,(anonymous_9)
FN:160,(anonymous_10)
FNF:11
FNH:11
FNDA:5,(anonymous_0)
FNDA:4,(anonymous_1)
FNDA:2,(anonymous_2)
FNDA:4,(anonymous_3)
FNDA:4,(anonymous_4)
FNDA:4,(anonymous_5)
FNDA:3,(anonymous_6)
FNDA:1,(anonymous_7)
FNDA:5,(anonymous_8)
FNDA:4,(anonymous_9)
FNDA:2,(anonymous_10)
DA:1,1
DA:2,1
DA:3,1
DA:4,1
DA:5,1
DA:7,1
DA:8,5
DA:10,5
DA:11,1
DA:15,4
DA:19,4
DA:20,1
DA:21,1
DA:25,3
DA:26,1
DA:30,2
DA:32,2
DA:37,2
DA:38,1
DA:39,1
DA:42,1
DA:52,1
DA:53,4
DA:55,4
DA:59,4
DA:60,3
DA:61,1
DA:63,2
DA:64,2
DA:65,2
DA:66,1
DA:69,1
DA:75,1
DA:90,1
DA:91,4
DA:93,4
DA:94,1
DA:96,3
DA:100,3
DA:103,2
DA:104,1
DA:110,1
DA:111,1
DA:113,1
DA:117,1
DA:119,1
DA:121,1
DA:131,1
DA:132,5
DA:134,5
DA:135,1
DA:137,4
DA:139,4
DA:143,4
DA:144,1
DA:145,1
DA:148,3
DA:149,1
DA:153,2
DA:155,2
DA:161,2
DA:162,1
DA:163,1
DA:168,1
LF:64
LH:64
BRDA:10,0,0,1
BRDA:10,0,1,4
BRDA:10,1,0,5
BRDA:10,1,1,4
BRDA:10,1,2,4
BRDA:10,1,3,4
BRDA:10,1,4,4
BRDA:19,2,0,1
BRDA:19,2,1,3
BRDA:25,3,0,1
BRDA:25,3,1,2
BRDA:37,4,0,1
BRDA:37,4,1,1
BRDA:59,5,0,1
BRDA:59,5,1,3
BRDA:60,6,0,1
BRDA:60,6,1,2
BRDA:65,7,0,1
BRDA:65,7,1,1
BRDA:93,8,0,1
BRDA:93,8,1,3
BRDA:100,9,0,1
BRDA:100,9,1,2
BRDA:103,10,0,1
BRDA:103,10,1,1
BRDA:134,11,0,1
BRDA:134,11,1,4
BRDA:134,12,0,5
BRDA:134,12,1,4
BRDA:143,13,0,1
BRDA:143,13,1,3
BRDA:148,14,0,1
BRDA:148,14,1,2
BRDA:161,15,0,1
BRDA:161,15,1,1
BRF:35
BRH:35
end_of_record
TN:
SF:src\middleware\auth.middleware.js
FN:3,(anonymous_0)
FNF:1
FNH:0
FNDA:0,(anonymous_0)
DA:1,0
DA:3,0
DA:4,0
DA:6,0
DA:7,0
DA:10,0
DA:12,0
DA:13,0
DA:14,0
DA:15,0
DA:17,0
LF:11
LH:0
BRDA:6,0,0,0
BRDA:6,0,1,0
BRDA:6,1,0,0
BRDA:6,1,1,0
BRF:4
BRH:0
end_of_record
TN:
SF:src\models\user.model.js
FN:3,(anonymous_0)
FN:7,(anonymous_1)
FNF:2
FNH:0
FNDA:0,(anonymous_0)
FNDA:0,(anonymous_1)
DA:1,0
DA:3,0
DA:4,0
DA:7,0
DA:8,0
LF:5
LH:0
BRF:0
BRH:0
end_of_record
TN:
SF:src\routes\auth.routes.js
FNF:0
FNH:0
DA:1,0
DA:2,0
DA:4,0
DA:5,0
DA:6,0
DA:7,0
DA:10,0
LF:7
LH:0
BRF:0
BRH:0
end_of_record
TN:
SF:src\routes\dashboard.routes.js
FN:6,(anonymous_0)
FN:10,(anonymous_1)
FNF:2
FNH:0
FNDA:0,(anonymous_0)
FNDA:0,(anonymous_1)
DA:1,0
DA:2,0
DA:3,0
DA:4,0
DA:6,0
DA:7,0
DA:11,0
DA:12,0
DA:13,0
DA:15,0
DA:17,0
DA:30,0
LF:12
LH:0
BRDA:11,0,0,0
BRDA:11,0,1,0
BRDA:12,1,0,0
BRDA:12,1,1,0
BRF:4
BRH:0
end_of_record
TN:
SF:src\utils\jwt.js
FN:3,(anonymous_0)
FNF:1
FNH:0
FNDA:0,(anonymous_0)
DA:1,0
DA:3,0
DA:4,0
LF:3
LH:0
BRF:0
BRH:0
end_of_record
TN:
SF:src\utils\sendEmail.js
FN:3,(anonymous_0)
FNF:1
FNH:0
FNDA:0,(anonymous_0)
DA:1,1
DA:3,1
DA:4,0
DA:14,0
DA:22,1
LF:5
LH:3
BRF:0
BRH:0
end_of_record
